{
  "RSpec": {
    "coverage": {
      "/Users/meredithtrevino/turing_work/1mod/solo_projects/night_writer/lib/night_writer.rb": {
        "lines": [
          1,
          1,
          null,
          null,
          1,
          1,
          1,
          null,
          1,
          null,
          null,
          null,
          null,
          null,
          null,
          null,
          null,
          null,
          null,
          null,
          null,
          null,
          null,
          null,
          null,
          null,
          null,
          null,
          null,
          null,
          null,
          null,
          null,
          null,
          null,
          null,
          null,
          null,
          1,
          1,
          null,
          0,
          null,
          0,
          null,
          0,
          null,
          0,
          null,
          null,
          null,
          1,
          0,
          0,
          null,
          0,
          0,
          0,
          null,
          null,
          null,
          null,
          null,
          1,
          null,
          1,
          null
        ]
      },
      "/Users/meredithtrevino/turing_work/1mod/solo_projects/night_writer/spec/night_writer_spec.rb": {
        "lines": [
          1,
          null,
          0,
          0,
          0,
          0,
          0,
          null,
          0,
          0,
          null,
          null,
          0,
          0,
          0,
          0,
          null,
          null,
          0,
          null,
          0,
          null,
          null
        ]
      },
      "/Users/meredithtrevino/turing_work/1mod/solo_projects/night_writer/spec/spec_helper.rb": {
        "lines": [
          1,
          1,
          null,
          1,
          0
        ]
      },
      "/Users/meredithtrevino/turing_work/1mod/solo_projects/night_writer/spec/translator_spec.rb": {
        "lines": [

        ]
      }
    },
    "timestamp": 1673827660
  }
}
