{
  "RSpec": {
    "coverage": {
      "/Users/meredithtrevino/turing_work/1mod/solo_projects/night_writer/lib/night_writer.rb": {
        "lines": [
          1,
          1,
          1,
          null,
          null,
          1,
          5,
          5,
          5,
          null,
          null,
          1,
          1,
          null,
          1,
          null,
          1,
          1,
          null,
          null,
          1,
          3,
          5,
          null,
          3,
          9,
          9,
          null,
          null,
          null,
          null,
          null,
          null,
          null,
          null,
          null
        ]
      },
      "/Users/meredithtrevino/turing_work/1mod/solo_projects/night_writer/lib/translator.rb": {
        "lines": [
          1,
          1,
          null,
          null,
          null,
          1,
          null,
          null,
          null,
          null,
          13,
          null,
          null,
          null,
          null,
          null,
          null,
          null,
          null,
          null,
          null,
          null,
          null,
          null,
          null,
          null,
          null,
          null,
          null,
          null,
          null,
          null,
          null,
          null,
          null,
          null,
          null,
          null,
          null,
          null,
          null,
          null,
          null,
          null,
          1,
          49,
          null,
          null
        ]
      },
      "/Users/meredithtrevino/turing_work/1mod/solo_projects/night_writer/lib/night_reader.rb": {
        "lines": [
          1,
          null,
          1,
          1,
          null,
          null,
          1,
          6,
          6,
          6,
          null,
          null,
          1,
          1,
          null,
          1,
          null,
          1,
          1,
          null,
          null,
          1,
          4,
          4,
          null,
          4,
          4,
          4,
          null,
          16,
          16,
          16,
          null,
          4,
          4,
          12,
          null,
          null,
          null,
          4,
          null,
          4,
          48,
          null,
          null,
          4,
          1,
          null,
          3,
          null,
          null,
          null,
          null,
          null,
          null,
          null
        ]
      },
      "/Users/meredithtrevino/turing_work/1mod/solo_projects/night_writer/spec/night_writer_spec.rb": {
        "lines": [
          1,
          null,
          1,
          6,
          1,
          5,
          5,
          null,
          null,
          1,
          1,
          null,
          null,
          1,
          1,
          1,
          null,
          null,
          1,
          1,
          1,
          null,
          null,
          null,
          1,
          1,
          null,
          null,
          1,
          1,
          null,
          null
        ]
      },
      "/Users/meredithtrevino/turing_work/1mod/solo_projects/night_writer/spec/translator_spec.rb": {
        "lines": [
          1,
          null,
          1,
          3,
          1,
          1,
          null,
          1,
          1,
          null,
          null,
          1,
          1,
          null,
          null,
          null,
          null,
          null,
          null,
          null,
          null,
          null,
          null,
          null,
          null,
          null,
          null,
          null,
          null,
          null,
          null,
          null,
          null,
          null,
          null,
          null,
          null,
          null,
          null,
          null,
          null,
          null,
          null,
          null,
          null,
          1,
          null,
          null
        ]
      }
    },
    "timestamp": 1673989928
  }
}
